ERROR [portable_pty::win::psuedocon] CreateProcessW `"pwsh.exe -Command \"npm run start:dev\"\0"` in cwd `Some("C:\\Users\\Krish\0")` failed: The system cannot find the file specified. (os error 2)
ERROR [portable_pty::win::psuedocon] CreateProcessW `"pwsh.exe -Command \"npm run dev\"\0"` in cwd `Some("C:\\Users\\Krish\0")` failed: The system cannot find the file specified. (os error 2)
ERROR [portable_pty::win::psuedocon] CreateProcessW `"pwsh.exe -Command \"npm run dev\"\0"` in cwd `Some("C:\\Users\\Krish\0")` failed: The system cannot find the file specified. (os error 2)
ERROR [portable_pty::win::psuedocon] CreateProcessW `"pwsh.exe -Command \"npm run dev\"\0"` in cwd `Some("C:\\Users\\Krish\0")` failed: The system cannot find the file specified. (os error 2)
ERROR [portable_pty::win::psuedocon] CreateProcessW `"pwsh.exe -Command \"npm run dev\"\0"` in cwd `Some("C:\\Users\\Krish\0")` failed: The system cannot find the file specified. (os error 2)
ERROR [portable_pty::win::psuedocon] CreateProcessW `"pwsh.exe -Command \"npm run dev\"\0"` in cwd `Some("C:\\Users\\Krish\0")` failed: The system cannot find the file specified. (os error 2)
ERROR [portable_pty::win::psuedocon] CreateProcessW `"pwsh.exe -Command \"npm run dev\"\0"` in cwd `Some("C:\\Users\\Krish\0")` failed: The system cannot find the file specified. (os error 2)
ERROR [portable_pty::win::psuedocon] CreateProcessW `"pwsh.exe -Command \"npm run dev\"\0"` in cwd `Some("C:\\Users\\Krish\0")` failed: The system cannot find the file specified. (os error 2)
ERROR [portable_pty::win::psuedocon] CreateProcessW `"pwsh.exe -Command \"npm run dev\"\0"` in cwd `Some("C:\\Users\\Krish\0")` failed: The system cannot find the file specified. (os error 2)
ERROR [portable_pty::win::psuedocon] CreateProcessW `"pwsh.exe -Command \"npm run dev\"\0"` in cwd `Some("C:\\Users\\Krish\0")` failed: The system cannot find the file specified. (os error 2)
ERROR [portable_pty::win::psuedocon] CreateProcessW `"pwsh.exe -Command \"npm run dev\"\0"` in cwd `Some("C:\\Users\\Krish\0")` failed: The system cannot find the file specified. (os error 2)
ERROR [portable_pty::win::psuedocon] CreateProcessW `"pwsh.exe -Command \"npm run start:dev\"\0"` in cwd `Some("C:\\Users\\Krish\0")` failed: The system cannot find the file specified. (os error 2)
ERROR [portable_pty::win::psuedocon] CreateProcessW `"pwsh.exe -Command \"npm run dev\"\0"` in cwd `Some("C:\\Users\\Krish\0")` failed: The system cannot find the file specified. (os error 2)
ERROR [portable_pty::win::psuedocon] CreateProcessW `"pwsh.exe -Command \"npm run start:dev\"\0"` in cwd `Some("D:\\github\\ai-blog-platform\\./back-end\0")` failed: The system cannot find the file specified. (os error 2)
ERROR [portable_pty::win::psuedocon] CreateProcessW `"pwsh.exe -Command \"npm run dev\"\0"` in cwd `Some("D:\\github\\ai-blog-platform\\./front-end\0")` failed: The system cannot find the file specified. (os error 2)
ERROR [portable_pty::win::psuedocon] CreateProcessW `"pwsh.exe -Command \"npm run dev\"\0"` in cwd `Some("D:\\github\\ai-blog-platform\\./front-end\0")` failed: The system cannot find the file specified. (os error 2)
ERROR [portable_pty::win::psuedocon] CreateProcessW `"pwsh.exe -Command \"npm run dev\"\0"` in cwd `Some("D:\\github\\ai-blog-platform\\./front-end\0")` failed: The system cannot find the file specified. (os error 2)
ERROR [portable_pty::win::psuedocon] CreateProcessW `"pwsh.exe -Command \"npm run start:dev\"\0"` in cwd `Some("D:\\github\\ai-blog-platform\\./back-end\0")` failed: The system cannot find the file specified. (os error 2)
ERROR [portable_pty::win::psuedocon] CreateProcessW `"pwsh.exe -Command \"npm run dev\"\0"` in cwd `Some("D:\\github\\ai-blog-platform\\./front-end\0")` failed: The system cannot find the file specified. (os error 2)
ERROR [portable_pty::win::psuedocon] CreateProcessW `"pwsh.exe -Command \"npm run dev\"\0"` in cwd `Some("D:\\github\\ai-blog-platform\\./front-end\0")` failed: The system cannot find the file specified. (os error 2)
ERROR [portable_pty::win::psuedocon] CreateProcessW `"pwsh.exe -Command \"npm run dev\"\0"` in cwd `Some("D:\\github\\ai-blog-platform\\./front-end\0")` failed: The system cannot find the file specified. (os error 2)
ERROR [portable_pty::win::psuedocon] CreateProcessW `"pwsh.exe -Command \"npm run dev\"\0"` in cwd `Some("D:\\github\\ai-blog-platform\\./front-end\0")` failed: The system cannot find the file specified. (os error 2)
ERROR [portable_pty::win::psuedocon] CreateProcessW `"pwsh.exe -Command \"npm run dev\"\0"` in cwd `Some("D:\\github\\ai-blog-platform\\./front-end\0")` failed: The system cannot find the file specified. (os error 2)
ERROR [portable_pty::win::psuedocon] CreateProcessW `"pwsh.exe -Command \"npm run dev\"\0"` in cwd `Some("D:\\github\\ai-blog-platform\\./front-end\0")` failed: The system cannot find the file specified. (os error 2)
ERROR [portable_pty::win::psuedocon] CreateProcessW `"pwsh.exe -Command \"npm run dev\"\0"` in cwd `Some("D:\\github\\ai-blog-platform\\./front-end\0")` failed: The system cannot find the file specified. (os error 2)
ERROR [portable_pty::win::psuedocon] CreateProcessW `"pwsh.exe -Command \"npm run dev\"\0"` in cwd `Some("D:\\github\\ai-blog-platform\\./front-end\0")` failed: The system cannot find the file specified. (os error 2)
ERROR [portable_pty::win::psuedocon] CreateProcessW `"pwsh.exe -Command \"npm run dev\"\0"` in cwd `Some("D:\\github\\ai-blog-platform\\./front-end\0")` failed: The system cannot find the file specified. (os error 2)
ERROR [portable_pty::win::psuedocon] CreateProcessW `"pwsh.exe -Command \"npm run dev\"\0"` in cwd `Some("D:\\github\\ai-blog-platform\\./front-end\0")` failed: The system cannot find the file specified. (os error 2)
ERROR [portable_pty::win::psuedocon] CreateProcessW `"pwsh.exe -Command \"npm run start:dev\"\0"` in cwd `Some("D:\\github\\ai-blog-platform\\./back-end\0")` failed: The system cannot find the file specified. (os error 2)
ERROR [portable_pty::win::psuedocon] CreateProcessW `"pwsh.exe -Command \"npm run dev\"\0"` in cwd `Some("D:\\github\\ai-blog-platform\\./front-end\0")` failed: The system cannot find the file specified. (os error 2)
ERROR [portable_pty::win::psuedocon] CreateProcessW `"pwsh.exe -Command \"npm run start:dev\"\0"` in cwd `Some("D:\\github\\ai-blog-platform\\./back-end\0")` failed: The system cannot find the file specified. (os error 2)
ERROR [portable_pty::win::psuedocon] CreateProcessW `"pwsh.exe -Command \"echo \'Hello World\'\"\0"` in cwd `Some("D:\\github\\ai-blog-platform\0")` failed: The system cannot find the file specified. (os error 2)
ERROR [portable_pty::win::psuedocon] CreateProcessW `"pwsh.exe -Command \"npm run dev\"\0"` in cwd `Some("D:\\github\\ai-blog-platform\\./front-end\0")` failed: The system cannot find the file specified. (os error 2)
ERROR [portable_pty::win::psuedocon] CreateProcessW `"pwsh.exe -Command \"echo \'Hello World\'\"\0"` in cwd `Some("D:\\github\\ai-blog-platform\0")` failed: The system cannot find the file specified. (os error 2)
ERROR [portable_pty::win::psuedocon] CreateProcessW `"pwsh.exe -Command \"echo \'Hello World\'\"\0"` in cwd `Some("D:\\github\\ai-blog-platform\0")` failed: The system cannot find the file specified. (os error 2)
ERROR [portable_pty::win::psuedocon] CreateProcessW `"pwsh.exe -Command \"echo \'Hello World\'\"\0"` in cwd `Some("D:\\github\\ai-blog-platform\0")` failed: The system cannot find the file specified. (os error 2)
ERROR [portable_pty::win::psuedocon] CreateProcessW `"pwsh.exe -Command \"echo \'Hello World\'\"\0"` in cwd `Some("D:\\github\\ai-blog-platform\0")` failed: The system cannot find the file specified. (os error 2)
ERROR [portable_pty::win::psuedocon] CreateProcessW `"pwsh.exe -Command \"echo \'Hello World\'\"\0"` in cwd `Some("D:\\github\\ai-blog-platform\0")` failed: The system cannot find the file specified. (os error 2)
ERROR [portable_pty::win::psuedocon] CreateProcessW `"pwsh.exe -Command \"echo \'Hello World\'\"\0"` in cwd `Some("D:\\github\\ai-blog-platform\0")` failed: The system cannot find the file specified. (os error 2)
ERROR [portable_pty::win::psuedocon] CreateProcessW `"pwsh.exe -Command \"echo \'Hello World\'\"\0"` in cwd `Some("D:\\github\\ai-blog-platform\0")` failed: The system cannot find the file specified. (os error 2)
ERROR [portable_pty::win::psuedocon] CreateProcessW `"pwsh.exe -Command \"echo \'Hello World\'\"\0"` in cwd `Some("D:\\github\\ai-blog-platform\0")` failed: The system cannot find the file specified. (os error 2)
ERROR [portable_pty::win::psuedocon] CreateProcessW `"pwsh.exe -Command \"echo \'Hello World\'\"\0"` in cwd `Some("D:\\github\\ai-blog-platform\0")` failed: The system cannot find the file specified. (os error 2)
ERROR [portable_pty::win::psuedocon] CreateProcessW `"pwsh.exe -Command \"echo \'Hello World\'\"\0"` in cwd `Some("D:\\github\\ai-blog-platform\0")` failed: The system cannot find the file specified. (os error 2)
ERROR [portable_pty::win::psuedocon] CreateProcessW `"pwsh.exe -Command \"echo \'Hello World\'\"\0"` in cwd `Some("D:\\github\\ai-blog-platform\0")` failed: The system cannot find the file specified. (os error 2)
ERROR [portable_pty::win::psuedocon] CreateProcessW `"pwsh.exe -Command \"echo \'Hello World\'\"\0"` in cwd `Some("D:\\github\\ai-blog-platform\0")` failed: The system cannot find the file specified. (os error 2)
ERROR [portable_pty::win::psuedocon] CreateProcessW `"pwsh.exe -Command \"echo \'Hello World\'\"\0"` in cwd `Some("D:\\github\\ai-blog-platform\0")` failed: The system cannot find the file specified. (os error 2)
ERROR [portable_pty::win::psuedocon] CreateProcessW `"pwsh.exe -Command \"echo \'Hello World\'\"\0"` in cwd `Some("D:\\github\\ai-blog-platform\0")` failed: The system cannot find the file specified. (os error 2)
ERROR [portable_pty::win::psuedocon] CreateProcessW `"pwsh.exe -Command \"npm run dev\"\0"` in cwd `Some("D:\\github\\ai-blog-platform\\./front-end\0")` failed: The system cannot find the file specified. (os error 2)
ERROR [portable_pty::win::psuedocon] CreateProcessW `"pwsh.exe -Command \"npm run dev\"\0"` in cwd `Some("D:\\github\\ai-blog-platform\\./front-end\0")` failed: The system cannot find the file specified. (os error 2)
ERROR [portable_pty::win::psuedocon] CreateProcessW `"pwsh.exe -Command \"npm run dev\"\0"` in cwd `Some("D:\\github\\ai-blog-platform\\./front-end\0")` failed: The system cannot find the file specified. (os error 2)
ERROR [portable_pty::win::psuedocon] CreateProcessW `"pwsh.exe -Command \"npm run dev\"\0"` in cwd `Some("D:\\github\\ai-blog-platform\\./front-end\0")` failed: The system cannot find the file specified. (os error 2)
ERROR [portable_pty::win::psuedocon] CreateProcessW `"pwsh.exe -Command \"npm run dev\"\0"` in cwd `Some("D:\\github\\ai-blog-platform\\./front-end\0")` failed: The system cannot find the file specified. (os error 2)
ERROR [portable_pty::win::psuedocon] CreateProcessW `"pwsh.exe -Command \"npm run dev\"\0"` in cwd `Some("D:\\github\\ai-blog-platform\\./front-end\0")` failed: The system cannot find the file specified. (os error 2)
ERROR [portable_pty::win::psuedocon] CreateProcessW `"pwsh.exe -Command \"npm run dev\"\0"` in cwd `Some("D:\\github\\ai-blog-platform\\./front-end\0")` failed: The system cannot find the file specified. (os error 2)
ERROR [portable_pty::win::psuedocon] CreateProcessW `"pwsh.exe -Command \"npm run dev\"\0"` in cwd `Some("D:\\github\\ai-blog-platform\\./front-end\0")` failed: The system cannot find the file specified. (os error 2)
ERROR [portable_pty::win::psuedocon] CreateProcessW `"pwsh.exe -Command \"npm run dev\"\0"` in cwd `Some("D:\\github\\ai-blog-platform\\./front-end\0")` failed: The system cannot find the file specified. (os error 2)
ERROR [portable_pty::win::psuedocon] CreateProcessW `"pwsh.exe -Command \"npm run start:dev\"\0"` in cwd `Some("D:\\github\\ai-blog-platform\\./back-end\0")` failed: The system cannot find the file specified. (os error 2)
ERROR [portable_pty::win::psuedocon] CreateProcessW `"pwsh.exe -Command \"npm run dev\"\0"` in cwd `Some("D:\\github\\ai-blog-platform\\./front-end\0")` failed: The system cannot find the file specified. (os error 2)
ERROR [portable_pty::win::psuedocon] CreateProcessW `"pwsh.exe -Command \"echo \'Hello World\'\"\0"` in cwd `Some("D:\\github\\ai-blog-platform\0")` failed: The system cannot find the file specified. (os error 2)
ERROR [portable_pty::win::psuedocon] CreateProcessW `"pwsh.exe -Command \"echo \'Hello World\'\"\0"` in cwd `Some("D:\\github\\ai-blog-platform\0")` failed: The system cannot find the file specified. (os error 2)
ERROR [portable_pty::win::psuedocon] CreateProcessW `"pwsh.exe -Command \"npm run start:dev\"\0"` in cwd `Some("D:\\github\\ai-blog-platform\\back-end\0")` failed: The system cannot find the file specified. (os error 2)
ERROR [portable_pty::win::psuedocon] CreateProcessW `"pwsh.exe -Command \"npm run dev\"\0"` in cwd `Some("D:\\github\\ai-blog-platform\\front-end\0")` failed: The system cannot find the file specified. (os error 2)
ERROR [portable_pty::win::psuedocon] CreateProcessW `"pwsh.exe -Command \"npm run dev\"\0"` in cwd `Some("D:\\github\\ai-blog-platform\\front-end\0")` failed: The system cannot find the file specified. (os error 2)
ERROR [portable_pty::win::psuedocon] CreateProcessW `"\"C:\\Program Files\\nodejs\\npm\" run dev\0"` in cwd `Some("D:\\github\\ai-blog-platform\\back-end\0")` failed: %1 is not a valid Win32 application. (os error 193)
ERROR [portable_pty::win::psuedocon] CreateProcessW `"\"C:\\Program Files\\nodejs\\npm\" run dev\0"` in cwd `Some("D:\\github\\ai-blog-platform\\front-end\0")` failed: %1 is not a valid Win32 application. (os error 193)
ERROR [portable_pty::win::psuedocon] CreateProcessW `"\"C:\\Program Files\\nodejs\\npm\" run dev\0"` in cwd `Some("D:\\github\\ai-blog-platform\\back-end\0")` failed: %1 is not a valid Win32 application. (os error 193)
ERROR [portable_pty::win::psuedocon] CreateProcessW `"\"C:\\Program Files\\nodejs\\npm\" run dev\0"` in cwd `Some("D:\\github\\ai-blog-platform\\back-end\0")` failed: %1 is not a valid Win32 application. (os error 193)
ERROR [portable_pty::win::psuedocon] CreateProcessW `"\"C:\\Program Files\\nodejs\\npm\" run dev\0"` in cwd `Some("D:\\github\\ai-blog-platform\\back-end\0")` failed: %1 is not a valid Win32 application. (os error 193)
ERROR [portable_pty::win::psuedocon] CreateProcessW `"\"C:\\Program Files\\nodejs\\npm\" run dev\0"` in cwd `Some("D:\\github\\ai-blog-platform\\back-end\0")` failed: %1 is not a valid Win32 application. (os error 193)
ERROR [portable_pty::win::psuedocon] CreateProcessW `"\"C:\\Program Files\\nodejs\\npm\" run dev\0"` in cwd `Some("D:\\github\\ai-blog-platform\\back-end\0")` failed: %1 is not a valid Win32 application. (os error 193)
ERROR [portable_pty::win::psuedocon] CreateProcessW `"\"C:\\Program Files\\nodejs\\npm\" run dev\0"` in cwd `Some("D:\\github\\ai-blog-platform\\back-end\0")` failed: %1 is not a valid Win32 application. (os error 193)
ERROR [portable_pty::win::psuedocon] CreateProcessW `"\"C:\\Program Files\\nodejs\\npm\" run dev\0"` in cwd `Some("D:\\github\\ai-blog-platform\\back-end\0")` failed: %1 is not a valid Win32 application. (os error 193)
ERROR [portable_pty::win::psuedocon] CreateProcessW `"\"C:\\Program Files\\nodejs\\npm\" run dev\0"` in cwd `Some("D:\\github\\ai-blog-platform\\back-end\0")` failed: %1 is not a valid Win32 application. (os error 193)
ERROR [portable_pty::win::psuedocon] CreateProcessW `"\"C:\\Program Files\\nodejs\\npm\" run dev\0"` in cwd `Some("D:\\github\\ai-blog-platform\\front-end\0")` failed: %1 is not a valid Win32 application. (os error 193)
ERROR [portable_pty::win::psuedocon] CreateProcessW `"\"C:\\Program Files\\nodejs\\npm\" run dev\0"` in cwd `Some("D:\\github\\ai-blog-platform\\back-end\0")` failed: %1 is not a valid Win32 application. (os error 193)
ERROR [portable_pty::win::psuedocon] CreateProcessW `"\"C:\\Program Files\\nodejs\\npm\" run dev\0"` in cwd `Some("D:\\github\\ai-blog-platform\\back-end\0")` failed: %1 is not a valid Win32 application. (os error 193)
ERROR [portable_pty::win::psuedocon] CreateProcessW `"\"C:\\Program Files\\nodejs\\npm\" run dev\0"` in cwd `Some("D:\\github\\ai-blog-platform\\back-end\0")` failed: %1 is not a valid Win32 application. (os error 193)
ERROR [portable_pty::win::psuedocon] CreateProcessW `"\"C:\\Program Files\\nodejs\\npm\" run dev\0"` in cwd `Some("D:\\github\\ai-blog-platform\\back-end\0")` failed: %1 is not a valid Win32 application. (os error 193)
ERROR [portable_pty::win::psuedocon] CreateProcessW `"\"C:\\Program Files\\nodejs\\npm\" run dev\0"` in cwd `Some("D:\\github\\ai-blog-platform\\front-end\0")` failed: %1 is not a valid Win32 application. (os error 193)
ERROR [portable_pty::win::psuedocon] CreateProcessW `"\"C:\\Program Files\\nodejs\\npm\" run dev\0"` in cwd `Some("D:\\github\\ai-blog-platform\\front-end\0")` failed: %1 is not a valid Win32 application. (os error 193)
ERROR [portable_pty::win::psuedocon] CreateProcessW `"\"C:\\Program Files\\nodejs\\npm\" run dev\0"` in cwd `Some("D:\\github\\ai-blog-platform\\back-end\0")` failed: %1 is not a valid Win32 application. (os error 193)
ERROR [portable_pty::win::psuedocon] CreateProcessW `"\"C:\\Program Files\\nodejs\\npm\" run dev\0"` in cwd `Some("D:\\github\\ai-blog-platform\\back-end\0")` failed: %1 is not a valid Win32 application. (os error 193)
ERROR [portable_pty::win::psuedocon] CreateProcessW `"\"C:\\Program Files\\nodejs\\npm\" run dev\0"` in cwd `Some("D:\\github\\ai-blog-platform\\back-end\0")` failed: %1 is not a valid Win32 application. (os error 193)
ERROR [portable_pty::win::psuedocon] CreateProcessW `"\"C:\\Program Files\\nodejs\\npm\" run dev\0"` in cwd `Some("D:\\github\\ai-blog-platform\\back-end\0")` failed: %1 is not a valid Win32 application. (os error 193)
ERROR [portable_pty::win::psuedocon] CreateProcessW `"\"C:\\Program Files\\nodejs\\npm\" run dev\0"` in cwd `Some("D:\\github\\ai-blog-platform\\back-end\0")` failed: %1 is not a valid Win32 application. (os error 193)
ERROR [portable_pty::win::psuedocon] CreateProcessW `"\"C:\\Program Files\\nodejs\\npm\" run dev\0"` in cwd `Some("D:\\github\\ai-blog-platform\\back-end\0")` failed: %1 is not a valid Win32 application. (os error 193)
ERROR [portable_pty::win::psuedocon] CreateProcessW `"\"C:\\Program Files\\nodejs\\npm\" run dev\0"` in cwd `Some("D:\\github\\ai-blog-platform\\back-end\0")` failed: %1 is not a valid Win32 application. (os error 193)
ERROR [portable_pty::win::psuedocon] CreateProcessW `"\"C:\\Program Files\\nodejs\\npm\" run dev\0"` in cwd `Some("D:\\github\\ai-blog-platform\\back-end\0")` failed: %1 is not a valid Win32 application. (os error 193)
ERROR [portable_pty::win::psuedocon] CreateProcessW `"\"C:\\Program Files\\nodejs\\npm\" run dev\0"` in cwd `Some("D:\\github\\ai-blog-platform\\back-end\0")` failed: %1 is not a valid Win32 application. (os error 193)
ERROR [portable_pty::win::psuedocon] CreateProcessW `"\"C:\\Program Files\\nodejs\\npm\" run dev\0"` in cwd `Some("D:\\github\\ai-blog-platform\\back-end\0")` failed: %1 is not a valid Win32 application. (os error 193)
ERROR [portable_pty::win::psuedocon] CreateProcessW `"\"C:\\Program Files\\nodejs\\npm\" run dev\0"` in cwd `Some("D:\\github\\ai-blog-platform\\back-end\0")` failed: %1 is not a valid Win32 application. (os error 193)
ERROR [portable_pty::win::psuedocon] CreateProcessW `"\"C:\\Program Files\\nodejs\\npm\" run dev\0"` in cwd `Some("D:\\github\\ai-blog-platform\\back-end\0")` failed: %1 is not a valid Win32 application. (os error 193)
ERROR [portable_pty::win::psuedocon] CreateProcessW `"\"C:\\Program Files\\nodejs\\npm\" run dev\0"` in cwd `Some("D:\\github\\ai-blog-platform\\back-end\0")` failed: %1 is not a valid Win32 application. (os error 193)
ERROR [portable_pty::win::psuedocon] CreateProcessW `"\"C:\\Program Files\\nodejs\\npm\" run dev\0"` in cwd `Some("D:\\github\\ai-blog-platform\\back-end\0")` failed: %1 is not a valid Win32 application. (os error 193)
ERROR [portable_pty::win::psuedocon] CreateProcessW `"\"C:\\Program Files\\nodejs\\npm\" run dev\0"` in cwd `Some("D:\\github\\ai-blog-platform\\back-end\0")` failed: %1 is not a valid Win32 application. (os error 193)
ERROR [portable_pty::win::psuedocon] CreateProcessW `"\"C:\\Program Files\\nodejs\\npm\" run dev\0"` in cwd `Some("D:\\github\\ai-blog-platform\\back-end\0")` failed: %1 is not a valid Win32 application. (os error 193)
ERROR [portable_pty::win::psuedocon] CreateProcessW `"\"C:\\Program Files\\nodejs\\npm\" run dev\0"` in cwd `Some("D:\\github\\ai-blog-platform\\back-end\0")` failed: %1 is not a valid Win32 application. (os error 193)
ERROR [portable_pty::win::psuedocon] CreateProcessW `"\"C:\\Program Files\\nodejs\\npm\" run dev\0"` in cwd `Some("D:\\github\\ai-blog-platform\\back-end\0")` failed: %1 is not a valid Win32 application. (os error 193)
ERROR [portable_pty::win::psuedocon] CreateProcessW `"\"C:\\Program Files\\nodejs\\npm\" run dev\0"` in cwd `Some("D:\\github\\ai-blog-platform\\back-end\0")` failed: %1 is not a valid Win32 application. (os error 193)
ERROR [portable_pty::win::psuedocon] CreateProcessW `"\"C:\\Program Files\\nodejs\\npm\" run dev\0"` in cwd `Some("D:\\github\\ai-blog-platform\\back-end\0")` failed: %1 is not a valid Win32 application. (os error 193)
ERROR [portable_pty::win::psuedocon] CreateProcessW `"\"C:\\Program Files\\nodejs\\npm\" run dev\0"` in cwd `Some("D:\\github\\ai-blog-platform\\back-end\0")` failed: %1 is not a valid Win32 application. (os error 193)
ERROR [portable_pty::win::psuedocon] CreateProcessW `"\"C:\\Program Files\\nodejs\\npm\" run dev\0"` in cwd `Some("D:\\github\\ai-blog-platform\\back-end\0")` failed: %1 is not a valid Win32 application. (os error 193)
ERROR [portable_pty::win::psuedocon] CreateProcessW `"\"C:\\Program Files\\nodejs\\npm\" run dev\0"` in cwd `Some("D:\\github\\ai-blog-platform\\back-end\0")` failed: %1 is not a valid Win32 application. (os error 193)
ERROR [portable_pty::win::psuedocon] CreateProcessW `"\"C:\\Program Files\\nodejs\\npm\" run dev\0"` in cwd `Some("D:\\github\\ai-blog-platform\\back-end\0")` failed: %1 is not a valid Win32 application. (os error 193)
ERROR [portable_pty::win::psuedocon] CreateProcessW `"\"C:\\Program Files\\nodejs\\npm\" run dev\0"` in cwd `Some("D:\\github\\ai-blog-platform\\back-end\0")` failed: %1 is not a valid Win32 application. (os error 193)
ERROR [portable_pty::win::psuedocon] CreateProcessW `"\"C:\\Program Files\\nodejs\\npm\" run dev\0"` in cwd `Some("D:\\github\\ai-blog-platform\\back-end\0")` failed: %1 is not a valid Win32 application. (os error 193)
ERROR [portable_pty::win::psuedocon] CreateProcessW `"\"C:\\Program Files\\nodejs\\npm\" run dev\0"` in cwd `Some("D:\\github\\ai-blog-platform\\back-end\0")` failed: %1 is not a valid Win32 application. (os error 193)
ERROR [portable_pty::win::psuedocon] CreateProcessW `"\"C:\\Program Files\\nodejs\\npm\" run dev\0"` in cwd `Some("D:\\github\\ai-blog-platform\\back-end\0")` failed: %1 is not a valid Win32 application. (os error 193)
ERROR [portable_pty::win::psuedocon] CreateProcessW `"\"C:\\Program Files\\nodejs\\npm\" run dev\0"` in cwd `Some("D:\\github\\ai-blog-platform\\back-end\0")` failed: %1 is not a valid Win32 application. (os error 193)
ERROR [portable_pty::win::psuedocon] CreateProcessW `"\"C:\\Program Files\\nodejs\\npm\" run dev\0"` in cwd `Some("D:\\github\\ai-blog-platform\\back-end\0")` failed: %1 is not a valid Win32 application. (os error 193)
ERROR [portable_pty::win::psuedocon] CreateProcessW `"\"C:\\Program Files\\nodejs\\npm\" run dev\0"` in cwd `Some("D:\\github\\ai-blog-platform\\back-end\0")` failed: %1 is not a valid Win32 application. (os error 193)
ERROR [portable_pty::win::psuedocon] CreateProcessW `"\"C:\\Program Files\\nodejs\\npm\" run dev\0"` in cwd `Some("D:\\github\\ai-blog-platform\\back-end\0")` failed: %1 is not a valid Win32 application. (os error 193)
ERROR [portable_pty::win::psuedocon] CreateProcessW `"\"C:\\Program Files\\nodejs\\npm\" run dev\0"` in cwd `Some("D:\\github\\ai-blog-platform\\back-end\0")` failed: %1 is not a valid Win32 application. (os error 193)
ERROR [portable_pty::win::psuedocon] CreateProcessW `"\"C:\\Program Files\\nodejs\\npm\" run dev\0"` in cwd `Some("D:\\github\\ai-blog-platform\\front-end\0")` failed: %1 is not a valid Win32 application. (os error 193)
ERROR [portable_pty::win::psuedocon] CreateProcessW `"\"C:\\Program Files\\nodejs\\npm\" run dev\0"` in cwd `Some("D:\\github\\ai-blog-platform\\back-end\0")` failed: %1 is not a valid Win32 application. (os error 193)
ERROR [portable_pty::win::psuedocon] CreateProcessW `"\"C:\\Program Files\\nodejs\\npm\" run dev\0"` in cwd `Some("D:\\github\\ai-blog-platform\\back-end\0")` failed: %1 is not a valid Win32 application. (os error 193)
ERROR [portable_pty::win::psuedocon] CreateProcessW `"\"C:\\Program Files\\nodejs\\npm\" run dev\0"` in cwd `Some("D:\\github\\ai-blog-platform\\back-end\0")` failed: %1 is not a valid Win32 application. (os error 193)
ERROR [portable_pty::win::psuedocon] CreateProcessW `"\"C:\\Program Files\\nodejs\\npm\" run dev\0"` in cwd `Some("D:\\github\\ai-blog-platform\\back-end\0")` failed: %1 is not a valid Win32 application. (os error 193)
ERROR [portable_pty::win::psuedocon] CreateProcessW `"\"C:\\Program Files\\nodejs\\npm\" run dev\0"` in cwd `Some("D:\\github\\ai-blog-platform\\back-end\0")` failed: %1 is not a valid Win32 application. (os error 193)
ERROR [portable_pty::win::psuedocon] CreateProcessW `"\"C:\\Program Files\\nodejs\\npm\" run dev\0"` in cwd `Some("D:\\github\\ai-blog-platform\\back-end\0")` failed: %1 is not a valid Win32 application. (os error 193)
ERROR [portable_pty::win::psuedocon] CreateProcessW `"\"C:\\Program Files\\nodejs\\npm\" run dev\0"` in cwd `Some("D:\\github\\ai-blog-platform\\back-end\0")` failed: %1 is not a valid Win32 application. (os error 193)
ERROR [portable_pty::win::psuedocon] CreateProcessW `"\"C:\\Program Files\\nodejs\\npm\" run dev\0"` in cwd `Some("D:\\github\\ai-blog-platform\\back-end\0")` failed: %1 is not a valid Win32 application. (os error 193)
ERROR [portable_pty::win::psuedocon] CreateProcessW `"\"C:\\Program Files\\nodejs\\npm\" run dev\0"` in cwd `Some("D:\\github\\ai-blog-platform\\back-end\0")` failed: %1 is not a valid Win32 application. (os error 193)
ERROR [portable_pty::win::psuedocon] CreateProcessW `"\"C:\\Program Files\\nodejs\\npm\" run dev\0"` in cwd `Some("D:\\github\\ai-blog-platform\\back-end\0")` failed: %1 is not a valid Win32 application. (os error 193)
ERROR [portable_pty::win::psuedocon] CreateProcessW `"\"C:\\Program Files\\nodejs\\npm\" run dev\0"` in cwd `Some("D:\\github\\ai-blog-platform\\back-end\0")` failed: %1 is not a valid Win32 application. (os error 193)
ERROR [portable_pty::win::psuedocon] CreateProcessW `"\"C:\\Program Files\\nodejs\\npm\" run dev\0"` in cwd `Some("D:\\github\\ai-blog-platform\\back-end\0")` failed: %1 is not a valid Win32 application. (os error 193)
ERROR [portable_pty::win::psuedocon] CreateProcessW `"\"C:\\Program Files\\nodejs\\npm\" run dev\0"` in cwd `Some("D:\\github\\ai-blog-platform\\back-end\0")` failed: %1 is not a valid Win32 application. (os error 193)
ERROR [lib::error] Error: channel closed
